<?xml version="1.0" encoding="UTF-8"?>
<testsuite xmlns:xsi="http://www.w3.org/2001/XMLSchema-instance" xsi:noNamespaceSchemaLocation="https://maven.apache.org/surefire/maven-surefire-plugin/xsd/surefire-test-report.xsd" name="com.zzsoft.AppTest" time="0.625" tests="1" errors="0" skipped="0" failures="0">
  <properties>
    <property name="sun.desktop" value="windows"/>
    <property name="awt.toolkit" value="sun.awt.windows.WToolkit"/>
    <property name="file.encoding.pkg" value="sun.io"/>
    <property name="java.specification.version" value="1.8"/>
    <property name="sun.cpu.isalist" value="amd64"/>
    <property name="sun.jnu.encoding" value="GBK"/>
    <property name="java.class.path" value="E:\IDEA projects\Demo2\target\test-classes;E:\IDEA projects\Demo2\target\classes;E:\Maven_Repository\junit\junit\4.11\junit-4.11.jar;E:\Maven_Repository\org\hamcrest\hamcrest-core\1.3\hamcrest-core-1.3.jar;E:\Maven_Repository\mysql\mysql-connector-java\5.1.6\mysql-connector-java-5.1.6.jar;E:\Maven_Repository\com\baomidou\mybatis-plus-Generator\3.0.1\mybatis-plus-Generator-3.0.1.jar;E:\Maven_Repository\com\baomidou\mybatis-plus-extension\3.0.1\mybatis-plus-extension-3.0.1.jar;E:\Maven_Repository\com\baomidou\mybatis-plus-core\3.0.1\mybatis-plus-core-3.0.1.jar;E:\Maven_Repository\com\baomidou\mybatis-plus-annotation\3.0.1\mybatis-plus-annotation-3.0.1.jar;E:\Maven_Repository\com\github\jsqlparser\jsqlparser\1.2\jsqlparser-1.2.jar;E:\Maven_Repository\org\mybatis\mybatis-spring\1.3.2\mybatis-spring-1.3.2.jar;E:\Maven_Repository\org\mybatis\mybatis\3.4.6\mybatis-3.4.6.jar;E:\Maven_Repository\com\baomidou\mybatis-plus-boot-starter\3.0.1\mybatis-plus-boot-starter-3.0.1.jar;E:\Maven_Repository\com\baomidou\mybatis-plus\3.0.1\mybatis-plus-3.0.1.jar;E:\Maven_Repository\com\baomidou\mybatis-plus-generator\3.0.1\mybatis-plus-generator-3.0.1.jar;E:\Maven_Repository\org\springframework\boot\spring-boot-autoconfigure\2.0.1.RELEASE\spring-boot-autoconfigure-2.0.1.RELEASE.jar;E:\Maven_Repository\org\springframework\boot\spring-boot\2.0.1.RELEASE\spring-boot-2.0.1.RELEASE.jar;E:\Maven_Repository\org\springframework\boot\spring-boot-starter-jdbc\2.0.1.RELEASE\spring-boot-starter-jdbc-2.0.1.RELEASE.jar;E:\Maven_Repository\com\zaxxer\HikariCP\2.7.8\HikariCP-2.7.8.jar;E:\Maven_Repository\org\springframework\spring-jdbc\5.0.5.RELEASE\spring-jdbc-5.0.5.RELEASE.jar;E:\Maven_Repository\org\springframework\spring-tx\5.0.5.RELEASE\spring-tx-5.0.5.RELEASE.jar;E:\Maven_Repository\org\springframework\boot\spring-boot-configuration-processor\2.0.1.RELEASE\spring-boot-configuration-processor-2.0.1.RELEASE.jar;E:\Maven_Repository\org\apache\velocity\velocity-engine-core\2.0\velocity-engine-core-2.0.jar;E:\Maven_Repository\org\slf4j\slf4j-api\1.7.25\slf4j-api-1.7.25.jar;E:\Maven_Repository\org\freemarker\freemarker\2.3.20\freemarker-2.3.20.jar;E:\Maven_Repository\org\apache\commons\commons-lang3\3.5\commons-lang3-3.5.jar;E:\Maven_Repository\io\springfox\springfox-swagger2\2.7.0\springfox-swagger2-2.7.0.jar;E:\Maven_Repository\io\swagger\swagger-annotations\1.5.13\swagger-annotations-1.5.13.jar;E:\Maven_Repository\io\swagger\swagger-models\1.5.13\swagger-models-1.5.13.jar;E:\Maven_Repository\com\fasterxml\jackson\core\jackson-annotations\2.8.5\jackson-annotations-2.8.5.jar;E:\Maven_Repository\io\springfox\springfox-spi\2.7.0\springfox-spi-2.7.0.jar;E:\Maven_Repository\io\springfox\springfox-core\2.7.0\springfox-core-2.7.0.jar;E:\Maven_Repository\net\bytebuddy\byte-buddy\1.6.14\byte-buddy-1.6.14.jar;E:\Maven_Repository\io\springfox\springfox-schema\2.7.0\springfox-schema-2.7.0.jar;E:\Maven_Repository\io\springfox\springfox-swagger-common\2.7.0\springfox-swagger-common-2.7.0.jar;E:\Maven_Repository\io\springfox\springfox-spring-web\2.7.0\springfox-spring-web-2.7.0.jar;E:\Maven_Repository\org\reflections\reflections\0.9.11\reflections-0.9.11.jar;E:\Maven_Repository\org\javassist\javassist\3.21.0-GA\javassist-3.21.0-GA.jar;E:\Maven_Repository\com\google\guava\guava\18.0\guava-18.0.jar;E:\Maven_Repository\com\fasterxml\classmate\1.3.3\classmate-1.3.3.jar;E:\Maven_Repository\org\springframework\plugin\spring-plugin-core\1.2.0.RELEASE\spring-plugin-core-1.2.0.RELEASE.jar;E:\Maven_Repository\org\springframework\spring-beans\4.0.9.RELEASE\spring-beans-4.0.9.RELEASE.jar;E:\Maven_Repository\org\springframework\spring-context\4.0.9.RELEASE\spring-context-4.0.9.RELEASE.jar;E:\Maven_Repository\org\springframework\spring-aop\4.0.9.RELEASE\spring-aop-4.0.9.RELEASE.jar;E:\Maven_Repository\aopalliance\aopalliance\1.0\aopalliance-1.0.jar;E:\Maven_Repository\org\springframework\plugin\spring-plugin-metadata\1.2.0.RELEASE\spring-plugin-metadata-1.2.0.RELEASE.jar;E:\Maven_Repository\org\mapstruct\mapstruct\1.1.0.Final\mapstruct-1.1.0.Final.jar;E:\Maven_Repository\org\projectlombok\lombok\1.18.4\lombok-1.18.4.jar;E:\Maven_Repository\org\springframework\boot\spring-boot-starter-web\2.2.5.RELEASE\spring-boot-starter-web-2.2.5.RELEASE.jar;E:\Maven_Repository\org\springframework\boot\spring-boot-starter\2.2.5.RELEASE\spring-boot-starter-2.2.5.RELEASE.jar;E:\Maven_Repository\org\springframework\boot\spring-boot-starter-logging\2.2.5.RELEASE\spring-boot-starter-logging-2.2.5.RELEASE.jar;E:\Maven_Repository\ch\qos\logback\logback-classic\1.2.3\logback-classic-1.2.3.jar;E:\Maven_Repository\ch\qos\logback\logback-core\1.2.3\logback-core-1.2.3.jar;E:\Maven_Repository\org\apache\logging\log4j\log4j-to-slf4j\2.12.1\log4j-to-slf4j-2.12.1.jar;E:\Maven_Repository\org\apache\logging\log4j\log4j-api\2.12.1\log4j-api-2.12.1.jar;E:\Maven_Repository\org\slf4j\jul-to-slf4j\1.7.30\jul-to-slf4j-1.7.30.jar;E:\Maven_Repository\jakarta\annotation\jakarta.annotation-api\1.3.5\jakarta.annotation-api-1.3.5.jar;E:\Maven_Repository\org\springframework\spring-core\5.2.4.RELEASE\spring-core-5.2.4.RELEASE.jar;E:\Maven_Repository\org\springframework\spring-jcl\5.2.4.RELEASE\spring-jcl-5.2.4.RELEASE.jar;E:\Maven_Repository\org\yaml\snakeyaml\1.25\snakeyaml-1.25.jar;E:\Maven_Repository\org\springframework\boot\spring-boot-starter-json\2.2.5.RELEASE\spring-boot-starter-json-2.2.5.RELEASE.jar;E:\Maven_Repository\com\fasterxml\jackson\core\jackson-databind\2.10.2\jackson-databind-2.10.2.jar;E:\Maven_Repository\com\fasterxml\jackson\core\jackson-core\2.10.2\jackson-core-2.10.2.jar;E:\Maven_Repository\com\fasterxml\jackson\datatype\jackson-datatype-jdk8\2.10.2\jackson-datatype-jdk8-2.10.2.jar;E:\Maven_Repository\com\fasterxml\jackson\datatype\jackson-datatype-jsr310\2.10.2\jackson-datatype-jsr310-2.10.2.jar;E:\Maven_Repository\com\fasterxml\jackson\module\jackson-module-parameter-names\2.10.2\jackson-module-parameter-names-2.10.2.jar;E:\Maven_Repository\org\springframework\boot\spring-boot-starter-tomcat\2.2.5.RELEASE\spring-boot-starter-tomcat-2.2.5.RELEASE.jar;E:\Maven_Repository\org\apache\tomcat\embed\tomcat-embed-core\9.0.31\tomcat-embed-core-9.0.31.jar;E:\Maven_Repository\org\apache\tomcat\embed\tomcat-embed-el\9.0.31\tomcat-embed-el-9.0.31.jar;E:\Maven_Repository\org\apache\tomcat\embed\tomcat-embed-websocket\9.0.31\tomcat-embed-websocket-9.0.31.jar;E:\Maven_Repository\org\springframework\boot\spring-boot-starter-validation\2.2.5.RELEASE\spring-boot-starter-validation-2.2.5.RELEASE.jar;E:\Maven_Repository\jakarta\validation\jakarta.validation-api\2.0.2\jakarta.validation-api-2.0.2.jar;E:\Maven_Repository\org\hibernate\validator\hibernate-validator\6.0.18.Final\hibernate-validator-6.0.18.Final.jar;E:\Maven_Repository\org\jboss\logging\jboss-logging\3.3.2.Final\jboss-logging-3.3.2.Final.jar;E:\Maven_Repository\org\springframework\spring-web\5.2.4.RELEASE\spring-web-5.2.4.RELEASE.jar;E:\Maven_Repository\org\springframework\spring-webmvc\5.2.4.RELEASE\spring-webmvc-5.2.4.RELEASE.jar;E:\Maven_Repository\org\springframework\spring-expression\5.2.4.RELEASE\spring-expression-5.2.4.RELEASE.jar;"/>
    <property name="java.vm.vendor" value="Oracle Corporation"/>
    <property name="sun.arch.data.model" value="64"/>
    <property name="user.variant" value=""/>
    <property name="java.vendor.url" value="http://java.oracle.com/"/>
    <property name="user.timezone" value="Asia/Shanghai"/>
    <property name="java.vm.specification.version" value="1.8"/>
    <property name="os.name" value="Windows 7"/>
    <property name="user.country" value="CN"/>
    <property name="sun.java.launcher" value="SUN_STANDARD"/>
    <property name="sun.boot.library.path" value="E:\Program Files\Java\jdk1.8.0_91\jre\bin"/>
    <property name="sun.java.command" value="C:\Users\ADMINI~1\AppData\Local\Temp\surefire4089840679555515102\surefirebooter3731805970955551921.jar C:\Users\Administrator\AppData\Local\Temp\surefire4089840679555515102 2020-03-09T09-49-01_158-jvmRun1 surefire8150425436546825359tmp surefire_0165036228263572044tmp"/>
    <property name="surefire.test.class.path" value="E:\IDEA projects\Demo2\target\test-classes;E:\IDEA projects\Demo2\target\classes;E:\Maven_Repository\junit\junit\4.11\junit-4.11.jar;E:\Maven_Repository\org\hamcrest\hamcrest-core\1.3\hamcrest-core-1.3.jar;E:\Maven_Repository\mysql\mysql-connector-java\5.1.6\mysql-connector-java-5.1.6.jar;E:\Maven_Repository\com\baomidou\mybatis-plus-Generator\3.0.1\mybatis-plus-Generator-3.0.1.jar;E:\Maven_Repository\com\baomidou\mybatis-plus-extension\3.0.1\mybatis-plus-extension-3.0.1.jar;E:\Maven_Repository\com\baomidou\mybatis-plus-core\3.0.1\mybatis-plus-core-3.0.1.jar;E:\Maven_Repository\com\baomidou\mybatis-plus-annotation\3.0.1\mybatis-plus-annotation-3.0.1.jar;E:\Maven_Repository\com\github\jsqlparser\jsqlparser\1.2\jsqlparser-1.2.jar;E:\Maven_Repository\org\mybatis\mybatis-spring\1.3.2\mybatis-spring-1.3.2.jar;E:\Maven_Repository\org\mybatis\mybatis\3.4.6\mybatis-3.4.6.jar;E:\Maven_Repository\com\baomidou\mybatis-plus-boot-starter\3.0.1\mybatis-plus-boot-starter-3.0.1.jar;E:\Maven_Repository\com\baomidou\mybatis-plus\3.0.1\mybatis-plus-3.0.1.jar;E:\Maven_Repository\com\baomidou\mybatis-plus-generator\3.0.1\mybatis-plus-generator-3.0.1.jar;E:\Maven_Repository\org\springframework\boot\spring-boot-autoconfigure\2.0.1.RELEASE\spring-boot-autoconfigure-2.0.1.RELEASE.jar;E:\Maven_Repository\org\springframework\boot\spring-boot\2.0.1.RELEASE\spring-boot-2.0.1.RELEASE.jar;E:\Maven_Repository\org\springframework\boot\spring-boot-starter-jdbc\2.0.1.RELEASE\spring-boot-starter-jdbc-2.0.1.RELEASE.jar;E:\Maven_Repository\com\zaxxer\HikariCP\2.7.8\HikariCP-2.7.8.jar;E:\Maven_Repository\org\springframework\spring-jdbc\5.0.5.RELEASE\spring-jdbc-5.0.5.RELEASE.jar;E:\Maven_Repository\org\springframework\spring-tx\5.0.5.RELEASE\spring-tx-5.0.5.RELEASE.jar;E:\Maven_Repository\org\springframework\boot\spring-boot-configuration-processor\2.0.1.RELEASE\spring-boot-configuration-processor-2.0.1.RELEASE.jar;E:\Maven_Repository\org\apache\velocity\velocity-engine-core\2.0\velocity-engine-core-2.0.jar;E:\Maven_Repository\org\slf4j\slf4j-api\1.7.25\slf4j-api-1.7.25.jar;E:\Maven_Repository\org\freemarker\freemarker\2.3.20\freemarker-2.3.20.jar;E:\Maven_Repository\org\apache\commons\commons-lang3\3.5\commons-lang3-3.5.jar;E:\Maven_Repository\io\springfox\springfox-swagger2\2.7.0\springfox-swagger2-2.7.0.jar;E:\Maven_Repository\io\swagger\swagger-annotations\1.5.13\swagger-annotations-1.5.13.jar;E:\Maven_Repository\io\swagger\swagger-models\1.5.13\swagger-models-1.5.13.jar;E:\Maven_Repository\com\fasterxml\jackson\core\jackson-annotations\2.8.5\jackson-annotations-2.8.5.jar;E:\Maven_Repository\io\springfox\springfox-spi\2.7.0\springfox-spi-2.7.0.jar;E:\Maven_Repository\io\springfox\springfox-core\2.7.0\springfox-core-2.7.0.jar;E:\Maven_Repository\net\bytebuddy\byte-buddy\1.6.14\byte-buddy-1.6.14.jar;E:\Maven_Repository\io\springfox\springfox-schema\2.7.0\springfox-schema-2.7.0.jar;E:\Maven_Repository\io\springfox\springfox-swagger-common\2.7.0\springfox-swagger-common-2.7.0.jar;E:\Maven_Repository\io\springfox\springfox-spring-web\2.7.0\springfox-spring-web-2.7.0.jar;E:\Maven_Repository\org\reflections\reflections\0.9.11\reflections-0.9.11.jar;E:\Maven_Repository\org\javassist\javassist\3.21.0-GA\javassist-3.21.0-GA.jar;E:\Maven_Repository\com\google\guava\guava\18.0\guava-18.0.jar;E:\Maven_Repository\com\fasterxml\classmate\1.3.3\classmate-1.3.3.jar;E:\Maven_Repository\org\springframework\plugin\spring-plugin-core\1.2.0.RELEASE\spring-plugin-core-1.2.0.RELEASE.jar;E:\Maven_Repository\org\springframework\spring-beans\4.0.9.RELEASE\spring-beans-4.0.9.RELEASE.jar;E:\Maven_Repository\org\springframework\spring-context\4.0.9.RELEASE\spring-context-4.0.9.RELEASE.jar;E:\Maven_Repository\org\springframework\spring-aop\4.0.9.RELEASE\spring-aop-4.0.9.RELEASE.jar;E:\Maven_Repository\aopalliance\aopalliance\1.0\aopalliance-1.0.jar;E:\Maven_Repository\org\springframework\plugin\spring-plugin-metadata\1.2.0.RELEASE\spring-plugin-metadata-1.2.0.RELEASE.jar;E:\Maven_Repository\org\mapstruct\mapstruct\1.1.0.Final\mapstruct-1.1.0.Final.jar;E:\Maven_Repository\org\projectlombok\lombok\1.18.4\lombok-1.18.4.jar;E:\Maven_Repository\org\springframework\boot\spring-boot-starter-web\2.2.5.RELEASE\spring-boot-starter-web-2.2.5.RELEASE.jar;E:\Maven_Repository\org\springframework\boot\spring-boot-starter\2.2.5.RELEASE\spring-boot-starter-2.2.5.RELEASE.jar;E:\Maven_Repository\org\springframework\boot\spring-boot-starter-logging\2.2.5.RELEASE\spring-boot-starter-logging-2.2.5.RELEASE.jar;E:\Maven_Repository\ch\qos\logback\logback-classic\1.2.3\logback-classic-1.2.3.jar;E:\Maven_Repository\ch\qos\logback\logback-core\1.2.3\logback-core-1.2.3.jar;E:\Maven_Repository\org\apache\logging\log4j\log4j-to-slf4j\2.12.1\log4j-to-slf4j-2.12.1.jar;E:\Maven_Repository\org\apache\logging\log4j\log4j-api\2.12.1\log4j-api-2.12.1.jar;E:\Maven_Repository\org\slf4j\jul-to-slf4j\1.7.30\jul-to-slf4j-1.7.30.jar;E:\Maven_Repository\jakarta\annotation\jakarta.annotation-api\1.3.5\jakarta.annotation-api-1.3.5.jar;E:\Maven_Repository\org\springframework\spring-core\5.2.4.RELEASE\spring-core-5.2.4.RELEASE.jar;E:\Maven_Repository\org\springframework\spring-jcl\5.2.4.RELEASE\spring-jcl-5.2.4.RELEASE.jar;E:\Maven_Repository\org\yaml\snakeyaml\1.25\snakeyaml-1.25.jar;E:\Maven_Repository\org\springframework\boot\spring-boot-starter-json\2.2.5.RELEASE\spring-boot-starter-json-2.2.5.RELEASE.jar;E:\Maven_Repository\com\fasterxml\jackson\core\jackson-databind\2.10.2\jackson-databind-2.10.2.jar;E:\Maven_Repository\com\fasterxml\jackson\core\jackson-core\2.10.2\jackson-core-2.10.2.jar;E:\Maven_Repository\com\fasterxml\jackson\datatype\jackson-datatype-jdk8\2.10.2\jackson-datatype-jdk8-2.10.2.jar;E:\Maven_Repository\com\fasterxml\jackson\datatype\jackson-datatype-jsr310\2.10.2\jackson-datatype-jsr310-2.10.2.jar;E:\Maven_Repository\com\fasterxml\jackson\module\jackson-module-parameter-names\2.10.2\jackson-module-parameter-names-2.10.2.jar;E:\Maven_Repository\org\springframework\boot\spring-boot-starter-tomcat\2.2.5.RELEASE\spring-boot-starter-tomcat-2.2.5.RELEASE.jar;E:\Maven_Repository\org\apache\tomcat\embed\tomcat-embed-core\9.0.31\tomcat-embed-core-9.0.31.jar;E:\Maven_Repository\org\apache\tomcat\embed\tomcat-embed-el\9.0.31\tomcat-embed-el-9.0.31.jar;E:\Maven_Repository\org\apache\tomcat\embed\tomcat-embed-websocket\9.0.31\tomcat-embed-websocket-9.0.31.jar;E:\Maven_Repository\org\springframework\boot\spring-boot-starter-validation\2.2.5.RELEASE\spring-boot-starter-validation-2.2.5.RELEASE.jar;E:\Maven_Repository\jakarta\validation\jakarta.validation-api\2.0.2\jakarta.validation-api-2.0.2.jar;E:\Maven_Repository\org\hibernate\validator\hibernate-validator\6.0.18.Final\hibernate-validator-6.0.18.Final.jar;E:\Maven_Repository\org\jboss\logging\jboss-logging\3.3.2.Final\jboss-logging-3.3.2.Final.jar;E:\Maven_Repository\org\springframework\spring-web\5.2.4.RELEASE\spring-web-5.2.4.RELEASE.jar;E:\Maven_Repository\org\springframework\spring-webmvc\5.2.4.RELEASE\spring-webmvc-5.2.4.RELEASE.jar;E:\Maven_Repository\org\springframework\spring-expression\5.2.4.RELEASE\spring-expression-5.2.4.RELEASE.jar;"/>
    <property name="sun.cpu.endian" value="little"/>
    <property name="user.home" value="C:\Users\Administrator"/>
    <property name="user.language" value="zh"/>
    <property name="java.specification.vendor" value="Oracle Corporation"/>
    <property name="java.home" value="E:\Program Files\Java\jdk1.8.0_91\jre"/>
    <property name="basedir" value="E:\IDEA projects\Demo2"/>
    <property name="file.separator" value="\"/>
    <property name="line.separator" value="&#10;"/>
    <property name="java.vm.specification.vendor" value="Oracle Corporation"/>
    <property name="java.specification.name" value="Java Platform API Specification"/>
    <property name="java.awt.graphicsenv" value="sun.awt.Win32GraphicsEnvironment"/>
    <property name="surefire.real.class.path" value="C:\Users\ADMINI~1\AppData\Local\Temp\surefire4089840679555515102\surefirebooter3731805970955551921.jar"/>
    <property name="sun.boot.class.path" value="E:\Program Files\Java\jdk1.8.0_91\jre\lib\resources.jar;E:\Program Files\Java\jdk1.8.0_91\jre\lib\rt.jar;E:\Program Files\Java\jdk1.8.0_91\jre\lib\sunrsasign.jar;E:\Program Files\Java\jdk1.8.0_91\jre\lib\jsse.jar;E:\Program Files\Java\jdk1.8.0_91\jre\lib\jce.jar;E:\Program Files\Java\jdk1.8.0_91\jre\lib\charsets.jar;E:\Program Files\Java\jdk1.8.0_91\jre\lib\jfr.jar;E:\Program Files\Java\jdk1.8.0_91\jre\classes"/>
    <property name="user.script" value=""/>
    <property name="sun.management.compiler" value="HotSpot 64-Bit Tiered Compilers"/>
    <property name="java.runtime.version" value="1.8.0_91-b15"/>
    <property name="user.name" value="Administrator"/>
    <property name="path.separator" value=";"/>
    <property name="os.version" value="6.1"/>
    <property name="java.endorsed.dirs" value="E:\Program Files\Java\jdk1.8.0_91\jre\lib\endorsed"/>
    <property name="java.runtime.name" value="Java(TM) SE Runtime Environment"/>
    <property name="file.encoding" value="GBK"/>
    <property name="java.vm.name" value="Java HotSpot(TM) 64-Bit Server VM"/>
    <property name="localRepository" value="E:\Maven_Repository"/>
    <property name="java.vendor.url.bug" value="http://bugreport.sun.com/bugreport/"/>
    <property name="java.io.tmpdir" value="C:\Users\ADMINI~1\AppData\Local\Temp\"/>
    <property name="idea.version" value="2017.3.4"/>
    <property name="java.version" value="1.8.0_91"/>
    <property name="user.dir" value="E:\IDEA projects\Demo2"/>
    <property name="os.arch" value="amd64"/>
    <property name="java.vm.specification.name" value="Java Virtual Machine Specification"/>
    <property name="java.awt.printerjob" value="sun.awt.windows.WPrinterJob"/>
    <property name="sun.os.patch.level" value="Service Pack 1"/>
    <property name="java.library.path" value="E:\Program Files\Java\jdk1.8.0_91\jre\bin;C:\Windows\Sun\Java\bin;C:\Windows\system32;C:\Windows;C:\ProgramData\Oracle\Java\javapath;C:\Windows\system32;C:\Windows;C:\Windows\System32\Wbem;C:\Windows\System32\WindowsPowerShell\v1.0\;C:\Program Files (x86)\ATI Technologies\ATI.ACE\Core-Static;E:\Program Files\Java\jdk1.8.0_91\bin;E:\Program Files\Java\jdk1.8.0_91\jre\bin;E:\Program Files\mysql-5.7.29-winx64\bin;E:\Program Files\apache-maven-3.5.2\bin;;."/>
    <property name="java.vm.info" value="mixed mode"/>
    <property name="java.vendor" value="Oracle Corporation"/>
    <property name="java.vm.version" value="25.91-b15"/>
    <property name="java.ext.dirs" value="E:\Program Files\Java\jdk1.8.0_91\jre\lib\ext;C:\Windows\Sun\Java\lib\ext"/>
    <property name="sun.io.unicode.encoding" value="UnicodeLittle"/>
    <property name="maven.repo.local" value="E:\Maven_Repository"/>
    <property name="java.class.version" value="52.0"/>
  </properties>
  <testcase name="shouldAnswerWithTrue" classname="com.zzsoft.AppTest" time="0.002"/>
</testsuite>